<?xml version="1.0" encoding="UTF-8"?>
<!-- Generated by org.testng.reporters.JUnitReportReporter -->
<testsuite hostname="DESKTOP-06CFBTH" failures="0" tests="1" name="com.gitbash.PracticeGitBash" time="0.308" errors="0" timestamp="01 Jun 2022 06:52:32 GMT" skipped="0">
  <testcase classname="com.gitbash.PracticeGitBash" name="practiceGit" time="0.308"/>
</testsuite> <!-- com.gitbash.PracticeGitBash -->
